{"logTime": "0523/120326", "correlationVector":"kLnHrDsHqtpCKGdS6GZyCU.1","action":"SyncServerConnectionManagerRequest", "result":"SYNC_SERVER_OK", "context":{"environment":"Prod_WestUS_000v", "migrationStage":"NotStarted", "server":"GENERAL0100000J"}}
{"logTime": "0523/120326", "correlationVector":"kLnHrDsHqtpCKGdS6GZyCU","action":"Initial GetUpdates", "result":"", "context":Reason: NEW_CLIENT. cV=kLnHrDsHqtpCKGdS6GZyCU}
{"logTime": "0523/120326", "correlationVector":"kLnHrDsHqtpCKGdS6GZyCU.2","action":"GetUpdates Response", "result":"Success", "context":Received 1 update(s). cV=kLnHrDsHqtpCKGdS6GZyCU.0;server=GENERAL0100000J;cloudType=Consumer;environment=Prod_WestUS_000v;migrationStage=NotStarted}
{"logTime": "0523/120328", "correlationVector":"faH02cX0zfkjiVLlcPen5b","action":"SyncServerConnectionManagerRequest", "result":"SYNC_SERVER_OK", "context":{"environment":"", "migrationStage":"", "server":""}}
{"logTime": "0523/120328", "correlationVector":"sHznzqKABIEJkwplrMdYa2","action":"Initial GetUpdates", "result":"", "context":Reason: NEW_CLIENT. cV=sHznzqKABIEJkwplrMdYa2}
{"logTime": "0523/120328", "correlationVector":"sHznzqKABIEJkwplrMdYa2.1","action":"SyncServerConnectionManagerRequest", "result":"SYNC_SERVER_OK", "context":{"environment":"Prod_WestUS_000v", "migrationStage":"NotStarted", "server":"GENERAL1100000M"}}
{"logTime": "0523/120328", "correlationVector":"sHznzqKABIEJkwplrMdYa2.2","action":"GetUpdates Response", "result":"Success", "context":Received 27 update(s). cV=sHznzqKABIEJkwplrMdYa2.0;server=GENERAL1100000M;cloudType=Consumer;environment=Prod_WestUS_000v;migrationStage=NotStarted}
{"logTime": "0523/120328", "correlationVector":"gvFykU373zQze2Rm49SG8k","action":"Normal GetUpdate request", "result":"", "context":cV=gvFykU373zQze2Rm49SG8k
Nudged types: Device Info, User Consents
Refresh requested types: Device Info, User Consents, Send Tab To Self, Encryption Keys}
{"logTime": "0523/120329", "correlationVector":"gvFykU373zQze2Rm49SG8k.1","action":"SyncServerConnectionManagerRequest", "result":"SYNC_SERVER_OK", "context":{"environment":"Prod_WestUS_000v", "migrationStage":"NotStarted", "server":"GENERAL12000007"}}
{"logTime": "0523/120329", "correlationVector":"gvFykU373zQze2Rm49SG8k.2","action":"GetUpdates Response", "result":"Success", "context":Received 0 update(s). cV=gvFykU373zQze2Rm49SG8k.0;server=GENERAL12000007;cloudType=Consumer;environment=Prod_WestUS_000v;migrationStage=NotStarted}
{"logTime": "0523/120329", "correlationVector":"BX9p/dBEXVwMTn86RO59ic","action":"Commit Request", "result":"", "context":Item count: 2
Contributing types: Device Info, User Consents}
{"logTime": "0523/120330", "correlationVector":"BX9p/dBEXVwMTn86RO59ic.1","action":"SyncServerConnectionManagerRequest", "result":"SYNC_SERVER_OK", "context":{"environment":"Prod_WestUS_000v", "migrationStage":"NotStarted", "server":"GENERAL0100000O"}}
{"logTime": "0523/120330", "correlationVector":"BX9p/dBEXVwMTn86RO59ic.2","action":"Commit Response", "result":"Success", "context":Result: Success. cV=BX9p/dBEXVwMTn86RO59ic.0;server=GENERAL0100000O;cloudType=Consumer;environment=Prod_WestUS_000v;migrationStage=NotStarted}
{"logTime": "0523/120330", "correlationVector":"NcS89Lu7VpJRpJ4o2vTBG1","action":"Normal GetUpdate request", "result":"", "context":cV=NcS89Lu7VpJRpJ4o2vTBG1
Nudged types: Device Info}
{"logTime": "0523/120330", "correlationVector":"NcS89Lu7VpJRpJ4o2vTBG1.1","action":"SyncServerConnectionManagerRequest", "result":"SYNC_SERVER_OK", "context":{"environment":"Prod_WestUS_000v", "migrationStage":"NotStarted", "server":"GENERAL0100000O"}}
{"logTime": "0523/120330", "correlationVector":"NcS89Lu7VpJRpJ4o2vTBG1.2","action":"GetUpdates Response", "result":"Success", "context":Received 1 update(s). cV=NcS89Lu7VpJRpJ4o2vTBG1.0;server=GENERAL0100000O;cloudType=Consumer;environment=Prod_WestUS_000v;migrationStage=NotStarted}
